<?xml version="1.0" encoding="UTF-8"?>
<robot generator="Robot 3.2.2 (Python 3.9.2 on win32)" generated="20210308 23:24:16.079" rpa="false">
<suite id="s1" name="Robotautomation" source="C:\Users\GS-0705\git\repository\robotautomation">
<suite id="s1-s1" name="TestAutomation" source="C:\Users\GS-0705\git\repository\robotautomation\TestAutomation">
<suite id="s1-s1-s1" name="TestSuiteFirst" source="C:\Users\GS-0705\git\repository\robotautomation\TestAutomation\TestSuiteFirst.robot">
<test id="s1-s1-s1-t1" name=" ThirdTest">
<kw name="Open Browser" library="SeleniumLibrary">
<doc>Opens a new browser instance to the optional ``url``.</doc>
<arguments>
<arg>https://www.ebay.com</arg>
<arg>chrome</arg>
</arguments>
<msg timestamp="20210308 23:24:18.790" level="INFO">Opening browser 'chrome' to base url 'https://www.ebay.com'.</msg>
<status status="PASS" starttime="20210308 23:24:18.790" endtime="20210308 23:24:27.152"></status>
</kw>
<kw name="Input Text" library="SeleniumLibrary">
<doc>Types the given ``text`` into the text field identified by ``locator``.</doc>
<arguments>
<arg>//*[@id="gh-ac"]</arg>
<arg>mobile</arg>
</arguments>
<msg timestamp="20210308 23:24:27.155" level="INFO">Typing text 'mobile' into text field '//*[@id="gh-ac"]'.</msg>
<status status="PASS" starttime="20210308 23:24:27.153" endtime="20210308 23:24:27.316"></status>
</kw>
<kw name="Press Keys" library="SeleniumLibrary">
<doc>Simulates the user pressing key(s) to an element or on the active browser.</doc>
<arguments>
<arg>//*[@id="gh-btn"]</arg>
<arg>[Return]</arg>
</arguments>
<msg timestamp="20210308 23:24:27.318" level="INFO">Sending key(s) ('[Return]',) to //*[@id="gh-btn"] element.</msg>
<msg timestamp="20210308 23:24:31.115" level="INFO">Sending keys [Return]</msg>
<status status="PASS" starttime="20210308 23:24:27.317" endtime="20210308 23:24:31.164"></status>
</kw>
<kw name="Page Should Contain" library="SeleniumLibrary">
<doc>Verifies that current page contains ``text``.</doc>
<arguments>
<arg>results for mobile</arg>
</arguments>
<msg timestamp="20210308 23:24:31.251" level="INFO">Current page contains text 'results for mobile'.</msg>
<status status="PASS" starttime="20210308 23:24:31.165" endtime="20210308 23:24:31.251"></status>
</kw>
<kw name="Close Browser" library="SeleniumLibrary">
<doc>Closes the current browser.</doc>
<status status="PASS" starttime="20210308 23:24:31.252" endtime="20210308 23:24:34.872"></status>
</kw>
<status status="PASS" starttime="20210308 23:24:18.788" endtime="20210308 23:24:34.873" critical="yes"></status>
</test>
<doc>Basic Search Functionality</doc>
<status status="PASS" starttime="20210308 23:24:18.349" endtime="20210308 23:24:34.874"></status>
</suite>
<status status="PASS" starttime="20210308 23:24:18.342" endtime="20210308 23:24:34.879"></status>
</suite>
<status status="PASS" starttime="20210308 23:24:18.306" endtime="20210308 23:24:34.882"></status>
</suite>
<statistics>
<total>
<stat pass="1" fail="0">Critical Tests</stat>
<stat pass="1" fail="0">All Tests</stat>
</total>
<tag>
</tag>
<suite>
<stat pass="1" fail="0" id="s1" name="Robotautomation">Robotautomation</stat>
<stat pass="1" fail="0" id="s1-s1" name="TestAutomation">Robotautomation.TestAutomation</stat>
<stat pass="1" fail="0" id="s1-s1-s1" name="TestSuiteFirst">Robotautomation.TestAutomation.TestSuiteFirst</stat>
</suite>
</statistics>
<errors>
</errors>
</robot>
