<?xml version="1.0" encoding="UTF-8"?>
<robot generator="Robot 3.2.2 (Python 3.9.2 on win32)" generated="20210306 12:56:06.953" rpa="false">
<suite id="s1" name="Robotautomation" source="C:\Users\GS-0705\robot\robotautomation">
<suite id="s1-s1" name="TestAutomation" source="C:\Users\GS-0705\robot\robotautomation\TestAutomation">
<suite id="s1-s1-s1" name="TestSuiteFirst" source="C:\Users\GS-0705\robot\robotautomation\TestAutomation\TestSuiteFirst.robot">
<test id="s1-s1-s1-t1" name=" FirstTest">
<kw name="Log" library="BuiltIn">
<doc>Logs the given message with the given level.</doc>
<arguments>
<arg>Hello</arg>
</arguments>
<msg timestamp="20210306 12:56:07.496" level="INFO">Hello</msg>
<status status="PASS" starttime="20210306 12:56:07.496" endtime="20210306 12:56:07.497"></status>
</kw>
<status status="PASS" starttime="20210306 12:56:07.495" endtime="20210306 12:56:07.497" critical="yes"></status>
</test>
<status status="PASS" starttime="20210306 12:56:07.492" endtime="20210306 12:56:07.498"></status>
</suite>
<status status="PASS" starttime="20210306 12:56:07.488" endtime="20210306 12:56:07.499"></status>
</suite>
<status status="PASS" starttime="20210306 12:56:07.463" endtime="20210306 12:56:07.501"></status>
</suite>
<statistics>
<total>
<stat pass="1" fail="0">Critical Tests</stat>
<stat pass="1" fail="0">All Tests</stat>
</total>
<tag>
</tag>
<suite>
<stat pass="1" fail="0" id="s1" name="Robotautomation">Robotautomation</stat>
<stat pass="1" fail="0" id="s1-s1" name="TestAutomation">Robotautomation.TestAutomation</stat>
<stat pass="1" fail="0" id="s1-s1-s1" name="TestSuiteFirst">Robotautomation.TestAutomation.TestSuiteFirst</stat>
</suite>
</statistics>
<errors>
</errors>
</robot>
